[2026-01-17T00:33:13.073+01:00] Agent not available yet, using temporary device for action space
[2026-01-17T00:33:13.073+01:00] Action space from temporary device: Tap, DoubleClick, Input, Scroll, DragAndDrop, KeyboardPress, AndroidLongPress, AndroidPull, ClearInput, RunAdbShell, Launch, AndroidBackButton, AndroidHomeButton, AndroidRecentAppsButton
[2026-01-17T00:33:13.076+01:00] Total tools prepared: 17
[2026-01-17T00:33:13.077+01:00] Registered 17 tools
[2026-01-17T00:33:17.682+01:00] Action space from connected agent: 
[2026-01-17T00:33:17.698+01:00] Total tools prepared: 27
[2026-01-17T00:33:17.699+01:00] Registered 27 tools
[2026-01-17T00:40:15.622+01:00] Agent not available yet, using temporary device for action space
[2026-01-17T00:40:15.623+01:00] Action space from temporary device: Tap, DoubleClick, Input, Scroll, DragAndDrop, KeyboardPress, AndroidLongPress, AndroidPull, ClearInput, RunAdbShell, Launch, AndroidBackButton, AndroidHomeButton, AndroidRecentAppsButton
[2026-01-17T00:40:15.627+01:00] Total tools prepared: 17
[2026-01-17T00:40:15.627+01:00] Registered 17 tools
[2026-01-17T00:40:23.212+01:00] Action space from connected agent: 
[2026-01-17T00:40:23.232+01:00] Total tools prepared: 27
[2026-01-17T00:40:23.233+01:00] Registered 27 tools
[2026-01-17T21:10:08.202+01:00] Agent not available yet, using temporary device for action space
[2026-01-17T21:10:08.204+01:00] Action space from temporary device: Tap, DoubleClick, Input, Scroll, DragAndDrop, KeyboardPress, AndroidLongPress, AndroidPull, ClearInput, RunAdbShell, Launch, AndroidBackButton, AndroidHomeButton, AndroidRecentAppsButton
[2026-01-17T21:10:08.208+01:00] Total tools prepared: 17
[2026-01-17T21:10:08.209+01:00] Registered 17 tools
[2026-01-17T21:10:18.798+01:00] Action space from connected agent: 
[2026-01-17T21:10:18.828+01:00] Total tools prepared: 27
[2026-01-17T21:10:18.829+01:00] Registered 27 tools
[2026-01-20T00:09:48.154+01:00] Agent not available yet, using temporary device for action space
[2026-01-20T00:09:48.156+01:00] Action space from temporary device: Tap, DoubleClick, Input, Scroll, DragAndDrop, KeyboardPress, AndroidLongPress, AndroidPull, ClearInput, RunAdbShell, Launch, AndroidBackButton, AndroidHomeButton, AndroidRecentAppsButton
[2026-01-20T00:09:48.161+01:00] Total tools prepared: 17
[2026-01-20T00:09:48.162+01:00] Registered 17 tools
[2026-01-20T00:09:56.794+01:00] Action space from connected agent: 
[2026-01-20T00:09:56.821+01:00] Total tools prepared: 27
[2026-01-20T00:09:56.822+01:00] Registered 27 tools
[2026-01-20T00:37:13.046+01:00] Agent not available yet, using temporary device for action space
[2026-01-20T00:37:13.047+01:00] Action space from temporary device: Tap, DoubleClick, Input, Scroll, DragAndDrop, KeyboardPress, AndroidLongPress, AndroidPull, ClearInput, RunAdbShell, Launch, AndroidBackButton, AndroidHomeButton, AndroidRecentAppsButton
[2026-01-20T00:37:13.052+01:00] Total tools prepared: 17
[2026-01-20T00:37:13.053+01:00] Registered 17 tools
[2026-01-20T00:37:21.486+01:00] Action space from connected agent: 
[2026-01-20T00:37:21.510+01:00] Total tools prepared: 27
[2026-01-20T00:37:21.511+01:00] Registered 27 tools
[2026-01-20T00:42:22.705+01:00] Agent not available yet, using temporary device for action space
[2026-01-20T00:42:22.706+01:00] Action space from temporary device: Tap, DoubleClick, Input, Scroll, DragAndDrop, KeyboardPress, AndroidLongPress, AndroidPull, ClearInput, RunAdbShell, Launch, AndroidBackButton, AndroidHomeButton, AndroidRecentAppsButton
[2026-01-20T00:42:22.710+01:00] Total tools prepared: 17
[2026-01-20T00:42:22.711+01:00] Registered 17 tools
[2026-01-20T00:42:32.156+01:00] Action space from connected agent: 
[2026-01-20T00:42:32.178+01:00] Total tools prepared: 27
[2026-01-20T00:42:32.179+01:00] Registered 27 tools
[2026-01-20T01:11:36.116+01:00] Agent not available yet, using temporary device for action space
[2026-01-20T01:11:36.118+01:00] Action space from temporary device: Tap, DoubleClick, Input, Scroll, DragAndDrop, KeyboardPress, AndroidLongPress, AndroidPull, ClearInput, RunAdbShell, Launch, AndroidBackButton, AndroidHomeButton, AndroidRecentAppsButton
[2026-01-20T01:11:36.125+01:00] Total tools prepared: 17
[2026-01-20T01:11:36.126+01:00] Registered 17 tools
[2026-01-20T01:11:49.194+01:00] Action space from connected agent: 
[2026-01-20T01:11:49.216+01:00] Total tools prepared: 27
[2026-01-20T01:11:49.217+01:00] Registered 27 tools
[2026-01-20T01:41:22.330+01:00] Agent not available yet, using temporary device for action space
[2026-01-20T01:41:22.333+01:00] Action space from temporary device: Tap, DoubleClick, Input, Scroll, DragAndDrop, KeyboardPress, AndroidLongPress, AndroidPull, ClearInput, RunAdbShell, Launch, AndroidBackButton, AndroidHomeButton, AndroidRecentAppsButton
[2026-01-20T01:41:22.336+01:00] Total tools prepared: 17
[2026-01-20T01:41:22.337+01:00] Registered 17 tools
[2026-01-20T01:41:31.326+01:00] Action space from connected agent: 
[2026-01-20T01:41:31.349+01:00] Total tools prepared: 27
[2026-01-20T01:41:31.350+01:00] Registered 27 tools
[2026-01-20T01:43:07.118+01:00] Agent not available yet, using temporary device for action space
[2026-01-20T01:43:07.119+01:00] Action space from temporary device: Tap, DoubleClick, Input, Scroll, DragAndDrop, KeyboardPress, AndroidLongPress, AndroidPull, ClearInput, RunAdbShell, Launch, AndroidBackButton, AndroidHomeButton, AndroidRecentAppsButton
[2026-01-20T01:43:07.122+01:00] Total tools prepared: 17
[2026-01-20T01:43:07.123+01:00] Registered 17 tools
[2026-01-20T01:43:15.994+01:00] Action space from connected agent: 
[2026-01-20T01:43:16.019+01:00] Total tools prepared: 27
[2026-01-20T01:43:16.020+01:00] Registered 27 tools
[2026-01-20T20:05:40.779+01:00] Agent not available yet, using temporary device for action space
[2026-01-20T20:05:40.780+01:00] Action space from temporary device: Tap, DoubleClick, Input, Scroll, DragAndDrop, KeyboardPress, LongPress, PullGesture, ClearInput, RunAdbShell, Launch, AndroidBackButton, AndroidHomeButton, AndroidRecentAppsButton
[2026-01-20T20:05:40.784+01:00] Total tools prepared: 17
[2026-01-20T20:05:40.785+01:00] Registered 17 tools
[2026-01-20T20:05:50.818+01:00] Action space from connected agent: 
[2026-01-20T20:05:50.840+01:00] Total tools prepared: 27
[2026-01-20T20:05:50.841+01:00] Registered 27 tools
[2026-01-20T22:08:15.140+01:00] Agent not available yet, using temporary device for action space
[2026-01-20T22:08:15.141+01:00] Action space from temporary device: Tap, DoubleClick, Input, Scroll, DragAndDrop, KeyboardPress, LongPress, PullGesture, ClearInput, RunAdbShell, Launch, AndroidBackButton, AndroidHomeButton, AndroidRecentAppsButton
[2026-01-20T22:08:15.144+01:00] Total tools prepared: 17
[2026-01-20T22:08:15.144+01:00] Registered 17 tools
[2026-01-20T22:08:21.640+01:00] Action space from connected agent: 
[2026-01-20T22:08:21.663+01:00] Total tools prepared: 27
[2026-01-20T22:08:21.664+01:00] Registered 27 tools
[2026-01-20T22:09:42.052+01:00] Agent not available yet, using temporary device for action space
[2026-01-20T22:09:42.053+01:00] Action space from temporary device: Tap, DoubleClick, Input, Scroll, DragAndDrop, KeyboardPress, LongPress, PullGesture, ClearInput, RunAdbShell, Launch, AndroidBackButton, AndroidHomeButton, AndroidRecentAppsButton
[2026-01-20T22:09:42.058+01:00] Total tools prepared: 17
[2026-01-20T22:09:42.059+01:00] Registered 17 tools
[2026-01-20T22:09:50.518+01:00] Action space from connected agent: 
[2026-01-20T22:09:50.542+01:00] Total tools prepared: 27
[2026-01-20T22:09:50.543+01:00] Registered 27 tools
[2026-01-20T22:28:33.882+01:00] Agent not available yet, using temporary device for action space
[2026-01-20T22:28:33.883+01:00] Action space from temporary device: Tap, DoubleClick, Input, Scroll, DragAndDrop, KeyboardPress, LongPress, PullGesture, ClearInput, RunAdbShell, Launch, AndroidBackButton, AndroidHomeButton, AndroidRecentAppsButton
[2026-01-20T22:28:33.887+01:00] Total tools prepared: 17
[2026-01-20T22:28:33.888+01:00] Registered 17 tools
[2026-01-20T22:28:41.708+01:00] Action space from connected agent: 
[2026-01-20T22:28:41.737+01:00] Total tools prepared: 27
[2026-01-20T22:28:41.738+01:00] Registered 27 tools
[2026-01-20T22:43:14.719+01:00] Agent not available yet, using temporary device for action space
[2026-01-20T22:43:14.720+01:00] Action space from temporary device: Tap, DoubleClick, Input, Scroll, DragAndDrop, KeyboardPress, LongPress, PullGesture, ClearInput, RunAdbShell, Launch, AndroidBackButton, AndroidHomeButton, AndroidRecentAppsButton
[2026-01-20T22:43:14.725+01:00] Total tools prepared: 17
[2026-01-20T22:43:14.726+01:00] Registered 17 tools
[2026-01-20T22:43:23.155+01:00] Action space from connected agent: 
[2026-01-20T22:43:23.183+01:00] Total tools prepared: 27
[2026-01-20T22:43:23.184+01:00] Registered 27 tools
[2026-01-20T23:53:20.889+01:00] Agent not available yet, using temporary device for action space
[2026-01-20T23:53:20.890+01:00] Action space from temporary device: Tap, DoubleClick, Input, Scroll, DragAndDrop, KeyboardPress, LongPress, PullGesture, ClearInput, RunAdbShell, Launch, AndroidBackButton, AndroidHomeButton, AndroidRecentAppsButton
[2026-01-20T23:53:20.894+01:00] Total tools prepared: 17
[2026-01-20T23:53:20.894+01:00] Registered 17 tools
[2026-01-20T23:54:02.509+01:00] Agent not available yet, using temporary device for action space
[2026-01-20T23:54:02.510+01:00] Action space from temporary device: Tap, DoubleClick, Input, Scroll, DragAndDrop, KeyboardPress, LongPress, PullGesture, ClearInput, RunAdbShell, Launch, AndroidBackButton, AndroidHomeButton, AndroidRecentAppsButton
[2026-01-20T23:54:02.513+01:00] Total tools prepared: 17
[2026-01-20T23:54:02.514+01:00] Registered 17 tools
[2026-01-20T23:54:09.019+01:00] Action space from connected agent: 
[2026-01-20T23:54:09.046+01:00] Total tools prepared: 27
[2026-01-20T23:54:09.049+01:00] Registered 27 tools
[2026-01-20T23:55:24.219+01:00] Agent not available yet, using temporary device for action space
[2026-01-20T23:55:24.220+01:00] Action space from temporary device: Tap, DoubleClick, Input, Scroll, DragAndDrop, KeyboardPress, LongPress, PullGesture, ClearInput, RunAdbShell, Launch, AndroidBackButton, AndroidHomeButton, AndroidRecentAppsButton
[2026-01-20T23:55:24.223+01:00] Total tools prepared: 17
[2026-01-20T23:55:24.224+01:00] Registered 17 tools
[2026-01-20T23:55:31.264+01:00] Action space from connected agent: 
[2026-01-20T23:55:31.285+01:00] Total tools prepared: 27
[2026-01-20T23:55:31.286+01:00] Registered 27 tools
[2026-01-21T00:11:34.850+01:00] Agent not available yet, using temporary device for action space
[2026-01-21T00:11:34.850+01:00] Action space from temporary device: Tap, DoubleClick, Input, Scroll, DragAndDrop, KeyboardPress, LongPress, PullGesture, ClearInput, RunAdbShell, Launch, AndroidBackButton, AndroidHomeButton, AndroidRecentAppsButton
[2026-01-21T00:11:34.854+01:00] Total tools prepared: 17
[2026-01-21T00:11:34.854+01:00] Registered 17 tools
[2026-01-21T00:11:41.555+01:00] Action space from connected agent: 
[2026-01-21T00:11:41.575+01:00] Total tools prepared: 27
[2026-01-21T00:11:41.576+01:00] Registered 27 tools
[2026-01-21T00:12:46.933+01:00] Agent not available yet, using temporary device for action space
[2026-01-21T00:12:46.934+01:00] Action space from temporary device: Tap, DoubleClick, Input, Scroll, DragAndDrop, KeyboardPress, LongPress, PullGesture, ClearInput, RunAdbShell, Launch, AndroidBackButton, AndroidHomeButton, AndroidRecentAppsButton
[2026-01-21T00:12:46.937+01:00] Total tools prepared: 17
[2026-01-21T00:12:46.938+01:00] Registered 17 tools
[2026-01-21T00:12:56.307+01:00] Action space from connected agent: 
[2026-01-21T00:12:56.332+01:00] Total tools prepared: 27
[2026-01-21T00:12:56.333+01:00] Registered 27 tools
[2026-01-21T13:53:41.883+01:00] Agent not available yet, using temporary device for action space
[2026-01-21T13:53:41.884+01:00] Action space from temporary device: Tap, DoubleClick, Input, Scroll, DragAndDrop, KeyboardPress, LongPress, PullGesture, ClearInput, RunAdbShell, Launch, AndroidBackButton, AndroidHomeButton, AndroidRecentAppsButton
[2026-01-21T13:53:41.889+01:00] Total tools prepared: 17
[2026-01-21T13:53:41.890+01:00] Registered 17 tools
[2026-01-21T13:53:51.824+01:00] Action space from connected agent: 
[2026-01-21T13:53:51.852+01:00] Total tools prepared: 27
[2026-01-21T13:53:51.854+01:00] Registered 27 tools
[2026-01-21T13:56:00.181+01:00] Agent not available yet, using temporary device for action space
[2026-01-21T13:56:00.182+01:00] Action space from temporary device: Tap, DoubleClick, Input, Scroll, DragAndDrop, KeyboardPress, LongPress, PullGesture, ClearInput, RunAdbShell, Launch, AndroidBackButton, AndroidHomeButton, AndroidRecentAppsButton
[2026-01-21T13:56:00.187+01:00] Total tools prepared: 17
[2026-01-21T13:56:00.187+01:00] Registered 17 tools
[2026-01-21T13:56:07.300+01:00] Action space from connected agent: 
[2026-01-21T13:56:07.326+01:00] Total tools prepared: 27
[2026-01-21T13:56:07.327+01:00] Registered 27 tools
[2026-01-21T13:56:32.937+01:00] Agent not available yet, using temporary device for action space
[2026-01-21T13:56:32.938+01:00] Action space from temporary device: Tap, DoubleClick, Input, Scroll, DragAndDrop, KeyboardPress, LongPress, PullGesture, ClearInput, RunAdbShell, Launch, AndroidBackButton, AndroidHomeButton, AndroidRecentAppsButton
[2026-01-21T13:56:32.942+01:00] Total tools prepared: 17
[2026-01-21T13:56:32.943+01:00] Registered 17 tools
[2026-01-21T13:56:40.005+01:00] Action space from connected agent: 
[2026-01-21T13:56:40.034+01:00] Total tools prepared: 27
[2026-01-21T13:56:40.035+01:00] Registered 27 tools
[2026-01-25T03:15:02.925+01:00] Agent not available yet, using temporary device for action space
[2026-01-25T03:15:02.926+01:00] Action space from temporary device: Tap, DoubleClick, Input, Scroll, DragAndDrop, KeyboardPress, LongPress, PullGesture, ClearInput, RunAdbShell, Launch, AndroidBackButton, AndroidHomeButton, AndroidRecentAppsButton
[2026-01-25T03:15:02.931+01:00] Total tools prepared: 17
[2026-01-25T03:15:02.932+01:00] Registered 17 tools
[2026-01-25T03:15:30.530+01:00] Action space from connected agent: 
[2026-01-25T03:15:30.555+01:00] Total tools prepared: 27
[2026-01-25T03:15:30.556+01:00] Registered 27 tools
[2026-01-26T15:22:42.936+01:00] Agent not available yet, using temporary device for action space
[2026-01-26T15:22:42.937+01:00] Action space from temporary device: Tap, DoubleClick, Input, Scroll, DragAndDrop, KeyboardPress, LongPress, PullGesture, ClearInput, RunAdbShell, Launch, AndroidBackButton, AndroidHomeButton, AndroidRecentAppsButton
[2026-01-26T15:22:42.944+01:00] Total tools prepared: 17
[2026-01-26T15:22:42.949+01:00] Registered 17 tools
[2026-01-26T15:23:10.339+01:00] Action space from connected agent: 
[2026-01-26T15:23:10.368+01:00] Total tools prepared: 27
[2026-01-26T15:23:10.369+01:00] Registered 27 tools
[2026-01-26T18:05:16.319+01:00] Agent not available yet, using temporary device for action space
[2026-01-26T18:05:16.320+01:00] Action space from temporary device: Tap, DoubleClick, Input, Scroll, DragAndDrop, KeyboardPress, LongPress, PullGesture, ClearInput, RunAdbShell, Launch, AndroidBackButton, AndroidHomeButton, AndroidRecentAppsButton
[2026-01-26T18:05:16.325+01:00] Total tools prepared: 17
[2026-01-26T18:05:16.326+01:00] Registered 17 tools
[2026-01-26T18:05:30.734+01:00] Action space from connected agent: 
[2026-01-26T18:05:30.766+01:00] Total tools prepared: 27
[2026-01-26T18:05:30.767+01:00] Registered 27 tools
